Info: Starting: Create block symbol file (.bsf)
Info: qsys-generate D:\Users\Dean\Documents\ECE385\lab7_nios\lab7_soc.qsys --block-symbol-file --output-directory=D:\Users\Dean\Documents\ECE385\lab7_nios\lab7_soc --family="Cyclone IV E" --part=EP4CE115F29C7
Progress: Loading lab7_nios/lab7_soc.qsys
Progress: Reading input file
Progress: Adding accum_reset [altera_avalon_pio 15.0]
Progress: Parameterizing module accum_reset
Progress: Adding accumulator [altera_avalon_pio 15.0]
Progress: Parameterizing module accumulator
Progress: Adding clk_0 [clock_source 15.0]
Progress: Parameterizing module clk_0
Progress: Adding led [altera_avalon_pio 15.0]
Progress: Parameterizing module led
Progress: Adding nios2_qsys_0 [altera_nios2_qsys 15.0]
Progress: Parameterizing module nios2_qsys_0
Progress: Adding onchip_memory2_0 [altera_avalon_onchip_memory2 15.0]
Progress: Parameterizing module onchip_memory2_0
Progress: Adding sdram [altera_avalon_new_sdram_controller 15.0]
Progress: Parameterizing module sdram
Progress: Adding sdram_pll [altpll 15.0]
Progress: Parameterizing module sdram_pll
Progress: Adding sw [altera_avalon_pio 15.0]
Progress: Parameterizing module sw
Progress: Adding sysid_qsys_0 [altera_avalon_sysid_qsys 15.0]
Progress: Parameterizing module sysid_qsys_0
Progress: Building connections
Progress: Parameterizing connections
Progress: Validating
Progress: Done reading input file
Info: lab7_soc.accum_reset: PIO inputs are not hardwired in test bench. Undefined values will be read from PIO inputs during simulation.
Info: lab7_soc.accumulator: PIO inputs are not hardwired in test bench. Undefined values will be read from PIO inputs during simulation.
Warning: lab7_soc.nios2_qsys_0: Nios II Classic cores are now superseded by improved Gen 2 cores.
Info: lab7_soc.sw: PIO inputs are not hardwired in test bench. Undefined values will be read from PIO inputs during simulation.
Info: lab7_soc.sysid_qsys_0: System ID is not assigned automatically. Edit the System ID parameter to provide a unique ID
Info: lab7_soc.sysid_qsys_0: Time stamp will be automatically updated when this component is generated.
Warning: lab7_soc.sdram_pll: sdram_pll.areset_conduit must be exported, or connected to a matching conduit.
Warning: lab7_soc.sdram_pll: sdram_pll.locked_conduit must be exported, or connected to a matching conduit.
Warning: lab7_soc.sdram_pll: sdram_pll.phasedone_conduit must be exported, or connected to a matching conduit.
Info: ip-generate succeeded.
Info: Finished: Create block symbol file (.bsf)
Info: 
Info: Starting: Create HDL design files for synthesis
Info: qsys-generate D:\Users\Dean\Documents\ECE385\lab7_nios\lab7_soc.qsys --synthesis=VERILOG --output-directory=D:\Users\Dean\Documents\ECE385\lab7_nios\lab7_soc\synthesis --family="Cyclone IV E" --part=EP4CE115F29C7
Progress: Loading lab7_nios/lab7_soc.qsys
Progress: Reading input file
Progress: Adding accum_reset [altera_avalon_pio 15.0]
Progress: Parameterizing module accum_reset
Progress: Adding accumulator [altera_avalon_pio 15.0]
Progress: Parameterizing module accumulator
Progress: Adding clk_0 [clock_source 15.0]
Progress: Parameterizing module clk_0
Progress: Adding led [altera_avalon_pio 15.0]
Progress: Parameterizing module led
Progress: Adding nios2_qsys_0 [altera_nios2_qsys 15.0]
Progress: Parameterizing module nios2_qsys_0
Progress: Adding onchip_memory2_0 [altera_avalon_onchip_memory2 15.0]
Progress: Parameterizing module onchip_memory2_0
Progress: Adding sdram [altera_avalon_new_sdram_controller 15.0]
Progress: Parameterizing module sdram
Progress: Adding sdram_pll [altpll 15.0]
Progress: Parameterizing module sdram_pll
Progress: Adding sw [altera_avalon_pio 15.0]
Progress: Parameterizing module sw
Progress: Adding sysid_qsys_0 [altera_avalon_sysid_qsys 15.0]
Progress: Parameterizing module sysid_qsys_0
Progress: Building connections
Progress: Parameterizing connections
Progress: Validating
Progress: Done reading input file
Info: lab7_soc.accum_reset: PIO inputs are not hardwired in test bench. Undefined values will be read from PIO inputs during simulation.
Info: lab7_soc.accumulator: PIO inputs are not hardwired in test bench. Undefined values will be read from PIO inputs during simulation.
Warning: lab7_soc.nios2_qsys_0: Nios II Classic cores are now superseded by improved Gen 2 cores.
Info: lab7_soc.sw: PIO inputs are not hardwired in test bench. Undefined values will be read from PIO inputs during simulation.
Info: lab7_soc.sysid_qsys_0: System ID is not assigned automatically. Edit the System ID parameter to provide a unique ID
Info: lab7_soc.sysid_qsys_0: Time stamp will be automatically updated when this component is generated.
Warning: lab7_soc.sdram_pll: sdram_pll.areset_conduit must be exported, or connected to a matching conduit.
Warning: lab7_soc.sdram_pll: sdram_pll.locked_conduit must be exported, or connected to a matching conduit.
Warning: lab7_soc.sdram_pll: sdram_pll.phasedone_conduit must be exported, or connected to a matching conduit.
Info: lab7_soc: Generating lab7_soc "lab7_soc" for QUARTUS_SYNTH
Info: Inserting clock-crossing logic between cmd_demux.src5 and cmd_mux_005.sink0
Info: Inserting clock-crossing logic between cmd_demux_001.src4 and cmd_mux_005.sink1
Info: Inserting clock-crossing logic between rsp_demux_005.src0 and rsp_mux.sink5
Info: Inserting clock-crossing logic between rsp_demux_005.src1 and rsp_mux_001.sink4
Info: accum_reset: Starting RTL generation for module 'lab7_soc_accum_reset'
Info: accum_reset:   Generation command is [exec D:/altera/15.0/quartus/bin64/perl/bin/perl.exe -I D:/altera/15.0/quartus/bin64/perl/lib -I D:/altera/15.0/quartus/sopc_builder/bin/europa -I D:/altera/15.0/quartus/sopc_builder/bin/perl_lib -I D:/altera/15.0/quartus/sopc_builder/bin -I D:/altera/15.0/quartus/../ip/altera/sopc_builder_ip/common -I D:/altera/15.0/quartus/../ip/altera/sopc_builder_ip/altera_avalon_pio -- D:/altera/15.0/quartus/../ip/altera/sopc_builder_ip/altera_avalon_pio/generate_rtl.pl --name=lab7_soc_accum_reset --dir=C:/Users/Dean/AppData/Local/Temp/alt7596_2975594330349707937.dir/0001_accum_reset_gen/ --quartus_dir=D:/altera/15.0/quartus --verilog --config=C:/Users/Dean/AppData/Local/Temp/alt7596_2975594330349707937.dir/0001_accum_reset_gen//lab7_soc_accum_reset_component_configuration.pl  --do_build_sim=0  ]
Info: accum_reset: Done RTL generation for module 'lab7_soc_accum_reset'
Info: accum_reset: "lab7_soc" instantiated altera_avalon_pio "accum_reset"
Info: led: Starting RTL generation for module 'lab7_soc_led'
Info: led:   Generation command is [exec D:/altera/15.0/quartus/bin64/perl/bin/perl.exe -I D:/altera/15.0/quartus/bin64/perl/lib -I D:/altera/15.0/quartus/sopc_builder/bin/europa -I D:/altera/15.0/quartus/sopc_builder/bin/perl_lib -I D:/altera/15.0/quartus/sopc_builder/bin -I D:/altera/15.0/quartus/../ip/altera/sopc_builder_ip/common -I D:/altera/15.0/quartus/../ip/altera/sopc_builder_ip/altera_avalon_pio -- D:/altera/15.0/quartus/../ip/altera/sopc_builder_ip/altera_avalon_pio/generate_rtl.pl --name=lab7_soc_led --dir=C:/Users/Dean/AppData/Local/Temp/alt7596_2975594330349707937.dir/0002_led_gen/ --quartus_dir=D:/altera/15.0/quartus --verilog --config=C:/Users/Dean/AppData/Local/Temp/alt7596_2975594330349707937.dir/0002_led_gen//lab7_soc_led_component_configuration.pl  --do_build_sim=0  ]
Info: led: Done RTL generation for module 'lab7_soc_led'
Info: led: "lab7_soc" instantiated altera_avalon_pio "led"
Info: nios2_qsys_0: Starting RTL generation for module 'lab7_soc_nios2_qsys_0'
Info: nios2_qsys_0:   Generation command is [exec D:/altera/15.0/quartus/bin64/eperlcmd.exe -I D:/altera/15.0/quartus/bin64/perl/lib -I D:/altera/15.0/quartus/sopc_builder/bin/europa -I D:/altera/15.0/quartus/sopc_builder/bin/perl_lib -I D:/altera/15.0/quartus/sopc_builder/bin -I D:/altera/15.0/quartus/../ip/altera/nios2_ip/altera_nios2/cpu_lib -I D:/altera/15.0/quartus/../ip/altera/nios2_ip/altera_nios2/nios_lib -I D:/altera/15.0/quartus/../ip/altera/nios2_ip/altera_nios2 -I D:/altera/15.0/quartus/../ip/altera/nios2_ip/altera_nios2 -- D:/altera/15.0/quartus/../ip/altera/nios2_ip/altera_nios2/generate_rtl.epl --name=lab7_soc_nios2_qsys_0 --dir=C:/Users/Dean/AppData/Local/Temp/alt7596_2975594330349707937.dir/0003_nios2_qsys_0_gen/ --quartus_bindir=D:/altera/15.0/quartus/bin64 --verilog --config=C:/Users/Dean/AppData/Local/Temp/alt7596_2975594330349707937.dir/0003_nios2_qsys_0_gen//lab7_soc_nios2_qsys_0_processor_configuration.pl  --do_build_sim=0  ]
Info: nios2_qsys_0: # 2018.03.06 13:19:05 (*) Starting Nios II generation
Info: nios2_qsys_0: # 2018.03.06 13:19:05 (*)   Checking for plaintext license.
Info: nios2_qsys_0: # 2018.03.06 13:19:07 (*)   Couldn't query license setup in Quartus directory D:/altera/15.0/quartus/bin64
Info: nios2_qsys_0: # 2018.03.06 13:19:07 (*)   Defaulting to contents of LM_LICENSE_FILE environment variable
Info: nios2_qsys_0: # 2018.03.06 13:19:07 (*)   LM_LICENSE_FILE environment variable is empty
Info: nios2_qsys_0: # 2018.03.06 13:19:07 (*)   Plaintext license not found.
Info: nios2_qsys_0: # 2018.03.06 13:19:07 (*)   No license required to generate encrypted Nios II/e.
Info: nios2_qsys_0: # 2018.03.06 13:19:07 (*)   Elaborating CPU configuration settings
Info: nios2_qsys_0: # 2018.03.06 13:19:07 (*)   Creating all objects for CPU
Info: nios2_qsys_0: # 2018.03.06 13:19:08 (*)   Generating RTL from CPU objects
Info: nios2_qsys_0: # 2018.03.06 13:19:08 (*)   Creating plain-text RTL
Info: nios2_qsys_0: # 2018.03.06 13:19:10 (*) Done Nios II generation
Info: nios2_qsys_0: Done RTL generation for module 'lab7_soc_nios2_qsys_0'
Info: nios2_qsys_0: "lab7_soc" instantiated altera_nios2_qsys "nios2_qsys_0"
Info: onchip_memory2_0: Starting RTL generation for module 'lab7_soc_onchip_memory2_0'
Info: onchip_memory2_0:   Generation command is [exec D:/altera/15.0/quartus/bin64/perl/bin/perl.exe -I D:/altera/15.0/quartus/bin64/perl/lib -I D:/altera/15.0/quartus/sopc_builder/bin/europa -I D:/altera/15.0/quartus/sopc_builder/bin/perl_lib -I D:/altera/15.0/quartus/sopc_builder/bin -I D:/altera/15.0/quartus/../ip/altera/sopc_builder_ip/common -I D:/altera/15.0/quartus/../ip/altera/sopc_builder_ip/altera_avalon_onchip_memory2 -- D:/altera/15.0/quartus/../ip/altera/sopc_builder_ip/altera_avalon_onchip_memory2/generate_rtl.pl --name=lab7_soc_onchip_memory2_0 --dir=C:/Users/Dean/AppData/Local/Temp/alt7596_2975594330349707937.dir/0004_onchip_memory2_0_gen/ --quartus_dir=D:/altera/15.0/quartus --verilog --config=C:/Users/Dean/AppData/Local/Temp/alt7596_2975594330349707937.dir/0004_onchip_memory2_0_gen//lab7_soc_onchip_memory2_0_component_configuration.pl  --do_build_sim=0  ]
Info: onchip_memory2_0: Done RTL generation for module 'lab7_soc_onchip_memory2_0'
Info: onchip_memory2_0: "lab7_soc" instantiated altera_avalon_onchip_memory2 "onchip_memory2_0"
Info: sdram: Starting RTL generation for module 'lab7_soc_sdram'
Info: sdram:   Generation command is [exec D:/altera/15.0/quartus/bin64/perl/bin/perl.exe -I D:/altera/15.0/quartus/bin64/perl/lib -I D:/altera/15.0/quartus/sopc_builder/bin/europa -I D:/altera/15.0/quartus/sopc_builder/bin/perl_lib -I D:/altera/15.0/quartus/sopc_builder/bin -I D:/altera/15.0/quartus/../ip/altera/sopc_builder_ip/common -I D:/altera/15.0/quartus/../ip/altera/sopc_builder_ip/altera_avalon_new_sdram_controller -- D:/altera/15.0/quartus/../ip/altera/sopc_builder_ip/altera_avalon_new_sdram_controller/generate_rtl.pl --name=lab7_soc_sdram --dir=C:/Users/Dean/AppData/Local/Temp/alt7596_2975594330349707937.dir/0005_sdram_gen/ --quartus_dir=D:/altera/15.0/quartus --verilog --config=C:/Users/Dean/AppData/Local/Temp/alt7596_2975594330349707937.dir/0005_sdram_gen//lab7_soc_sdram_component_configuration.pl  --do_build_sim=0  ]
Info: sdram: Done RTL generation for module 'lab7_soc_sdram'
Info: sdram: "lab7_soc" instantiated altera_avalon_new_sdram_controller "sdram"
Info: sdram_pll: "lab7_soc" instantiated altpll "sdram_pll"
Info: sw: Starting RTL generation for module 'lab7_soc_sw'
Info: sw:   Generation command is [exec D:/altera/15.0/quartus/bin64/perl/bin/perl.exe -I D:/altera/15.0/quartus/bin64/perl/lib -I D:/altera/15.0/quartus/sopc_builder/bin/europa -I D:/altera/15.0/quartus/sopc_builder/bin/perl_lib -I D:/altera/15.0/quartus/sopc_builder/bin -I D:/altera/15.0/quartus/../ip/altera/sopc_builder_ip/common -I D:/altera/15.0/quartus/../ip/altera/sopc_builder_ip/altera_avalon_pio -- D:/altera/15.0/quartus/../ip/altera/sopc_builder_ip/altera_avalon_pio/generate_rtl.pl --name=lab7_soc_sw --dir=C:/Users/Dean/AppData/Local/Temp/alt7596_2975594330349707937.dir/0008_sw_gen/ --quartus_dir=D:/altera/15.0/quartus --verilog --config=C:/Users/Dean/AppData/Local/Temp/alt7596_2975594330349707937.dir/0008_sw_gen//lab7_soc_sw_component_configuration.pl  --do_build_sim=0  ]
Info: sw: Done RTL generation for module 'lab7_soc_sw'
Info: sw: "lab7_soc" instantiated altera_avalon_pio "sw"
Info: sysid_qsys_0: "lab7_soc" instantiated altera_avalon_sysid_qsys "sysid_qsys_0"
Info: avalon_st_adapter: Inserting error_adapter: error_adapter_0
Info: avalon_st_adapter_001: Inserting error_adapter: error_adapter_0
Info: avalon_st_adapter_002: Inserting error_adapter: error_adapter_0
Info: avalon_st_adapter_003: Inserting error_adapter: error_adapter_0
Info: avalon_st_adapter_004: Inserting error_adapter: error_adapter_0
Info: avalon_st_adapter_005: Inserting error_adapter: error_adapter_0
Info: avalon_st_adapter_006: Inserting error_adapter: error_adapter_0
Info: avalon_st_adapter_007: Inserting error_adapter: error_adapter_0
Info: avalon_st_adapter_008: Inserting error_adapter: error_adapter_0
Info: mm_interconnect_0: "lab7_soc" instantiated altera_mm_interconnect "mm_interconnect_0"
Info: irq_mapper: "lab7_soc" instantiated altera_irq_mapper "irq_mapper"
Info: rst_controller: "lab7_soc" instantiated altera_reset_controller "rst_controller"
Info: nios2_qsys_0_data_master_translator: "mm_interconnect_0" instantiated altera_merlin_master_translator "nios2_qsys_0_data_master_translator"
Info: sysid_qsys_0_control_slave_translator: "mm_interconnect_0" instantiated altera_merlin_slave_translator "sysid_qsys_0_control_slave_translator"
Info: nios2_qsys_0_data_master_agent: "mm_interconnect_0" instantiated altera_merlin_master_agent "nios2_qsys_0_data_master_agent"
Info: sysid_qsys_0_control_slave_agent: "mm_interconnect_0" instantiated altera_merlin_slave_agent "sysid_qsys_0_control_slave_agent"
Info: sysid_qsys_0_control_slave_agent_rsp_fifo: "mm_interconnect_0" instantiated altera_avalon_sc_fifo "sysid_qsys_0_control_slave_agent_rsp_fifo"
Info: router: "mm_interconnect_0" instantiated altera_merlin_router "router"
Info: router_001: "mm_interconnect_0" instantiated altera_merlin_router "router_001"
Info: router_002: "mm_interconnect_0" instantiated altera_merlin_router "router_002"
Info: router_006: "mm_interconnect_0" instantiated altera_merlin_router "router_006"
Info: router_007: "mm_interconnect_0" instantiated altera_merlin_router "router_007"
Info: sdram_s1_burst_adapter: "mm_interconnect_0" instantiated altera_merlin_burst_adapter "sdram_s1_burst_adapter"
Info: cmd_demux: "mm_interconnect_0" instantiated altera_merlin_demultiplexer "cmd_demux"
Info: cmd_demux_001: "mm_interconnect_0" instantiated altera_merlin_demultiplexer "cmd_demux_001"
Info: cmd_mux: "mm_interconnect_0" instantiated altera_merlin_multiplexer "cmd_mux"
Info: cmd_mux_004: "mm_interconnect_0" instantiated altera_merlin_multiplexer "cmd_mux_004"
Info: Reusing file D:/Users/Dean/Documents/ECE385/lab7_nios/lab7_soc/synthesis/submodules/altera_merlin_arbitrator.sv
Info: rsp_demux: "mm_interconnect_0" instantiated altera_merlin_demultiplexer "rsp_demux"
Info: rsp_demux_004: "mm_interconnect_0" instantiated altera_merlin_demultiplexer "rsp_demux_004"
Info: rsp_mux: "mm_interconnect_0" instantiated altera_merlin_multiplexer "rsp_mux"
Info: Reusing file D:/Users/Dean/Documents/ECE385/lab7_nios/lab7_soc/synthesis/submodules/altera_merlin_arbitrator.sv
Info: rsp_mux_001: "mm_interconnect_0" instantiated altera_merlin_multiplexer "rsp_mux_001"
Info: Reusing file D:/Users/Dean/Documents/ECE385/lab7_nios/lab7_soc/synthesis/submodules/altera_merlin_arbitrator.sv
Info: sdram_s1_rsp_width_adapter: "mm_interconnect_0" instantiated altera_merlin_width_adapter "sdram_s1_rsp_width_adapter"
Info: Reusing file D:/Users/Dean/Documents/ECE385/lab7_nios/lab7_soc/synthesis/submodules/altera_merlin_address_alignment.sv
Info: Reusing file D:/Users/Dean/Documents/ECE385/lab7_nios/lab7_soc/synthesis/submodules/altera_merlin_burst_uncompressor.sv
Info: crosser: "mm_interconnect_0" instantiated altera_avalon_st_handshake_clock_crosser "crosser"
Info: Reusing file D:/Users/Dean/Documents/ECE385/lab7_nios/lab7_soc/synthesis/submodules/altera_avalon_st_pipeline_base.v
Info: avalon_st_adapter: "mm_interconnect_0" instantiated altera_avalon_st_adapter "avalon_st_adapter"
Info: avalon_st_adapter_005: "mm_interconnect_0" instantiated altera_avalon_st_adapter "avalon_st_adapter_005"
Info: error_adapter_0: "avalon_st_adapter" instantiated error_adapter "error_adapter_0"
Info: error_adapter_0: "avalon_st_adapter_005" instantiated error_adapter "error_adapter_0"
Info: lab7_soc: Done "lab7_soc" with 37 modules, 61 files
Info: ip-generate succeeded.
Info: Finished: Create HDL design files for synthesis
