Analysis & Synthesis report for lab6_slc3
Sun Feb 18 20:17:13 2018
Quartus II 64-Bit Version 15.0.0 Build 145 04/22/2015 SJ Web Edition


---------------------
; Table of Contents ;
---------------------
  1. Legal Notice
  2. Analysis & Synthesis Summary
  3. Analysis & Synthesis Settings
  4. Parallel Compilation
  5. Analysis & Synthesis Source Files Read
  6. Analysis & Synthesis Resource Usage Summary
  7. Analysis & Synthesis Resource Utilization by Entity
  8. State Machine - |lab6_toplevel|slc3:my_slc|ISDU:state_controller|State
  9. Logic Cells Representing Combinational Loops
 10. Registers Removed During Synthesis
 11. General Register Statistics
 12. Multiplexer Restructuring Statistics (Restructuring Performed)
 13. Parameter Settings for User Entity Instance: slc3:my_slc|tristate:tr0
 14. Parameter Settings for User Entity Instance: test_memory:my_test_memory
 15. Parameter Settings for User Entity Instance: test_memory:my_test_memory|memory_parser:parser
 16. Port Connectivity Checks: "slc3:my_slc|ISDU:state_controller"
 17. Port Connectivity Checks: "slc3:my_slc|Mem2IO:memory_subsystem"
 18. Post-Synthesis Netlist Statistics for Top Partition
 19. Elapsed Time Per Partition
 20. Analysis & Synthesis Messages



----------------
; Legal Notice ;
----------------
Copyright (C) 1991-2015 Altera Corporation. All rights reserved.
Your use of Altera Corporation's design tools, logic functions 
and other software and tools, and its AMPP partner logic 
functions, and any output files from any of the foregoing 
(including device programming or simulation files), and any 
associated documentation or information are expressly subject 
to the terms and conditions of the Altera Program License 
Subscription Agreement, the Altera Quartus II License Agreement,
the Altera MegaCore Function License Agreement, or other 
applicable license agreement, including, without limitation, 
that your use is for the sole purpose of programming logic 
devices manufactured by Altera and sold by Altera or its 
authorized distributors.  Please refer to the applicable 
agreement for further details.



+---------------------------------------------------------------------------------+
; Analysis & Synthesis Summary                                                    ;
+------------------------------------+--------------------------------------------+
; Analysis & Synthesis Status        ; Successful - Sun Feb 18 20:17:13 2018      ;
; Quartus II 64-Bit Version          ; 15.0.0 Build 145 04/22/2015 SJ Web Edition ;
; Revision Name                      ; lab6_slc3                                  ;
; Top-level Entity Name              ; lab6_toplevel                              ;
; Family                             ; Cyclone IV E                               ;
; Total logic elements               ; 167                                        ;
;     Total combinational functions  ; 151                                        ;
;     Dedicated logic registers      ; 39                                         ;
; Total registers                    ; 39                                         ;
; Total pins                         ; 129                                        ;
; Total virtual pins                 ; 0                                          ;
; Total memory bits                  ; 0                                          ;
; Embedded Multiplier 9-bit elements ; 0                                          ;
; Total PLLs                         ; 0                                          ;
+------------------------------------+--------------------------------------------+


+----------------------------------------------------------------------------------------------------------------------+
; Analysis & Synthesis Settings                                                                                        ;
+----------------------------------------------------------------------------+--------------------+--------------------+
; Option                                                                     ; Setting            ; Default Value      ;
+----------------------------------------------------------------------------+--------------------+--------------------+
; Device                                                                     ; EP4CE115F29C7      ;                    ;
; Top-level entity name                                                      ; lab6_toplevel      ; lab6_slc3          ;
; Family name                                                                ; Cyclone IV E       ; Cyclone V          ;
; Use smart compilation                                                      ; Off                ; Off                ;
; Enable parallel Assembler and TimeQuest Timing Analyzer during compilation ; On                 ; On                 ;
; Enable compact report table                                                ; Off                ; Off                ;
; Restructure Multiplexers                                                   ; Auto               ; Auto               ;
; Create Debugging Nodes for IP Cores                                        ; Off                ; Off                ;
; Preserve fewer node names                                                  ; On                 ; On                 ;
; Disable OpenCore Plus hardware evaluation                                  ; Off                ; Off                ;
; Verilog Version                                                            ; Verilog_2001       ; Verilog_2001       ;
; VHDL Version                                                               ; VHDL_1993          ; VHDL_1993          ;
; State Machine Processing                                                   ; Auto               ; Auto               ;
; Safe State Machine                                                         ; Off                ; Off                ;
; Extract Verilog State Machines                                             ; On                 ; On                 ;
; Extract VHDL State Machines                                                ; On                 ; On                 ;
; Ignore Verilog initial constructs                                          ; Off                ; Off                ;
; Iteration limit for constant Verilog loops                                 ; 5000               ; 5000               ;
; Iteration limit for non-constant Verilog loops                             ; 250                ; 250                ;
; Add Pass-Through Logic to Inferred RAMs                                    ; On                 ; On                 ;
; Infer RAMs from Raw Logic                                                  ; On                 ; On                 ;
; Parallel Synthesis                                                         ; On                 ; On                 ;
; DSP Block Balancing                                                        ; Auto               ; Auto               ;
; NOT Gate Push-Back                                                         ; On                 ; On                 ;
; Power-Up Don't Care                                                        ; On                 ; On                 ;
; Remove Redundant Logic Cells                                               ; Off                ; Off                ;
; Remove Duplicate Registers                                                 ; On                 ; On                 ;
; Ignore CARRY Buffers                                                       ; Off                ; Off                ;
; Ignore CASCADE Buffers                                                     ; Off                ; Off                ;
; Ignore GLOBAL Buffers                                                      ; Off                ; Off                ;
; Ignore ROW GLOBAL Buffers                                                  ; Off                ; Off                ;
; Ignore LCELL Buffers                                                       ; Off                ; Off                ;
; Ignore SOFT Buffers                                                        ; On                 ; On                 ;
; Limit AHDL Integers to 32 Bits                                             ; Off                ; Off                ;
; Optimization Technique                                                     ; Balanced           ; Balanced           ;
; Carry Chain Length                                                         ; 70                 ; 70                 ;
; Auto Carry Chains                                                          ; On                 ; On                 ;
; Auto Open-Drain Pins                                                       ; On                 ; On                 ;
; Perform WYSIWYG Primitive Resynthesis                                      ; Off                ; Off                ;
; Auto ROM Replacement                                                       ; On                 ; On                 ;
; Auto RAM Replacement                                                       ; On                 ; On                 ;
; Auto DSP Block Replacement                                                 ; On                 ; On                 ;
; Auto Shift Register Replacement                                            ; Auto               ; Auto               ;
; Allow Shift Register Merging across Hierarchies                            ; Auto               ; Auto               ;
; Auto Clock Enable Replacement                                              ; On                 ; On                 ;
; Strict RAM Replacement                                                     ; Off                ; Off                ;
; Allow Synchronous Control Signals                                          ; On                 ; On                 ;
; Force Use of Synchronous Clear Signals                                     ; Off                ; Off                ;
; Auto RAM Block Balancing                                                   ; On                 ; On                 ;
; Auto RAM to Logic Cell Conversion                                          ; Off                ; Off                ;
; Auto Resource Sharing                                                      ; Off                ; Off                ;
; Allow Any RAM Size For Recognition                                         ; Off                ; Off                ;
; Allow Any ROM Size For Recognition                                         ; Off                ; Off                ;
; Allow Any Shift Register Size For Recognition                              ; Off                ; Off                ;
; Use LogicLock Constraints during Resource Balancing                        ; On                 ; On                 ;
; Ignore translate_off and synthesis_off directives                          ; Off                ; Off                ;
; Timing-Driven Synthesis                                                    ; On                 ; On                 ;
; Report Parameter Settings                                                  ; On                 ; On                 ;
; Report Source Assignments                                                  ; On                 ; On                 ;
; Report Connectivity Checks                                                 ; On                 ; On                 ;
; Ignore Maximum Fan-Out Assignments                                         ; Off                ; Off                ;
; Synchronization Register Chain Length                                      ; 2                  ; 2                  ;
; PowerPlay Power Optimization During Synthesis                              ; Normal compilation ; Normal compilation ;
; HDL message level                                                          ; Level2             ; Level2             ;
; Suppress Register Optimization Related Messages                            ; Off                ; Off                ;
; Number of Removed Registers Reported in Synthesis Report                   ; 5000               ; 5000               ;
; Number of Swept Nodes Reported in Synthesis Report                         ; 5000               ; 5000               ;
; Number of Inverted Registers Reported in Synthesis Report                  ; 100                ; 100                ;
; Clock MUX Protection                                                       ; On                 ; On                 ;
; Auto Gated Clock Conversion                                                ; Off                ; Off                ;
; Block Design Naming                                                        ; Auto               ; Auto               ;
; SDC constraint protection                                                  ; Off                ; Off                ;
; Synthesis Effort                                                           ; Auto               ; Auto               ;
; Shift Register Replacement - Allow Asynchronous Clear Signal               ; On                 ; On                 ;
; Pre-Mapping Resynthesis Optimization                                       ; Off                ; Off                ;
; Analysis & Synthesis Message Level                                         ; Medium             ; Medium             ;
; Disable Register Merging Across Hierarchies                                ; Auto               ; Auto               ;
; Resource Aware Inference For Block RAM                                     ; On                 ; On                 ;
; Synthesis Seed                                                             ; 1                  ; 1                  ;
+----------------------------------------------------------------------------+--------------------+--------------------+


Parallel compilation was disabled, but you have multiple processors available. Enable parallel compilation to reduce compilation time.
+-------------------------------------+
; Parallel Compilation                ;
+----------------------------+--------+
; Processors                 ; Number ;
+----------------------------+--------+
; Number detected on machine ; 8      ;
; Maximum allowed            ; 1      ;
+----------------------------+--------+


+------------------------------------------------------------------------------------------------------------------------------------------------------------+
; Analysis & Synthesis Source Files Read                                                                                                                     ;
+----------------------------------+-----------------+------------------------------+--------------------------------------------------------------+---------+
; File Name with User-Entered Path ; Used in Netlist ; File Type                    ; File Name with Absolute Path                                 ; Library ;
+----------------------------------+-----------------+------------------------------+--------------------------------------------------------------+---------+
; HexDriver.sv                     ; yes             ; User SystemVerilog HDL File  ; D:/Users/Dean/Documents/ECE 385/lab6_slc3/HexDriver.sv       ;         ;
; tristate.sv                      ; yes             ; User SystemVerilog HDL File  ; D:/Users/Dean/Documents/ECE 385/lab6_slc3/tristate.sv        ;         ;
; test_memory.sv                   ; yes             ; User SystemVerilog HDL File  ; D:/Users/Dean/Documents/ECE 385/lab6_slc3/test_memory.sv     ;         ;
; SLC3_2.sv                        ; yes             ; User SystemVerilog HDL File  ; D:/Users/Dean/Documents/ECE 385/lab6_slc3/SLC3_2.sv          ;         ;
; slc3.sv                          ; yes             ; User SystemVerilog HDL File  ; D:/Users/Dean/Documents/ECE 385/lab6_slc3/slc3.sv            ;         ;
; memory_contents.sv               ; yes             ; User SystemVerilog HDL File  ; D:/Users/Dean/Documents/ECE 385/lab6_slc3/memory_contents.sv ;         ;
; Mem2IO.sv                        ; yes             ; User SystemVerilog HDL File  ; D:/Users/Dean/Documents/ECE 385/lab6_slc3/Mem2IO.sv          ;         ;
; lab6_toplevel.sv                 ; yes             ; User SystemVerilog HDL File  ; D:/Users/Dean/Documents/ECE 385/lab6_slc3/lab6_toplevel.sv   ;         ;
; ISDU.sv                          ; yes             ; User SystemVerilog HDL File  ; D:/Users/Dean/Documents/ECE 385/lab6_slc3/ISDU.sv            ;         ;
; datapath.sv                      ; yes             ; User SystemVerilog HDL File  ; D:/Users/Dean/Documents/ECE 385/lab6_slc3/datapath.sv        ;         ;
+----------------------------------+-----------------+------------------------------+--------------------------------------------------------------+---------+


+---------------------------------------------------------+
; Analysis & Synthesis Resource Usage Summary             ;
+---------------------------------------------+-----------+
; Resource                                    ; Usage     ;
+---------------------------------------------+-----------+
; Estimated Total logic elements              ; 167       ;
;                                             ;           ;
; Total combinational functions               ; 151       ;
; Logic element usage by number of LUT inputs ;           ;
;     -- 4 input functions                    ; 64        ;
;     -- 3 input functions                    ; 66        ;
;     -- <=2 input functions                  ; 21        ;
;                                             ;           ;
; Logic elements by mode                      ;           ;
;     -- normal mode                          ; 136       ;
;     -- arithmetic mode                      ; 15        ;
;                                             ;           ;
; Total registers                             ; 39        ;
;     -- Dedicated logic registers            ; 39        ;
;     -- I/O registers                        ; 0         ;
;                                             ;           ;
; I/O pins                                    ; 129       ;
;                                             ;           ;
; Embedded Multiplier 9-bit elements          ; 0         ;
;                                             ;           ;
; Maximum fan-out node                        ; Clk~input ;
; Maximum fan-out                             ; 39        ;
; Total fan-out                               ; 807       ;
; Average fan-out                             ; 1.74      ;
+---------------------------------------------+-----------+


+-----------------------------------------------------------------------------------------------------------------------------------------------------------------------------------------------------------------+
; Analysis & Synthesis Resource Utilization by Entity                                                                                                                                                             ;
+---------------------------------+-------------------+--------------+-------------+--------------+---------+-----------+------+--------------+----------------------------------------------------+--------------+
; Compilation Hierarchy Node      ; LC Combinationals ; LC Registers ; Memory Bits ; DSP Elements ; DSP 9x9 ; DSP 18x18 ; Pins ; Virtual Pins ; Full Hierarchy Name                                ; Library Name ;
+---------------------------------+-------------------+--------------+-------------+--------------+---------+-----------+------+--------------+----------------------------------------------------+--------------+
; |lab6_toplevel                  ; 151 (0)           ; 39 (0)       ; 0           ; 0            ; 0       ; 0         ; 129  ; 0            ; |lab6_toplevel                                     ; work         ;
;    |slc3:my_slc|                ; 151 (0)           ; 39 (0)       ; 0           ; 0            ; 0       ; 0         ; 0    ; 0            ; |lab6_toplevel|slc3:my_slc                         ; work         ;
;       |HexDriver:hex_driver0|   ; 7 (7)             ; 0 (0)        ; 0           ; 0            ; 0       ; 0         ; 0    ; 0            ; |lab6_toplevel|slc3:my_slc|HexDriver:hex_driver0   ; work         ;
;       |HexDriver:hex_driver1|   ; 7 (7)             ; 0 (0)        ; 0           ; 0            ; 0       ; 0         ; 0    ; 0            ; |lab6_toplevel|slc3:my_slc|HexDriver:hex_driver1   ; work         ;
;       |HexDriver:hex_driver2|   ; 7 (7)             ; 0 (0)        ; 0           ; 0            ; 0       ; 0         ; 0    ; 0            ; |lab6_toplevel|slc3:my_slc|HexDriver:hex_driver2   ; work         ;
;       |HexDriver:hex_driver3|   ; 7 (7)             ; 0 (0)        ; 0           ; 0            ; 0       ; 0         ; 0    ; 0            ; |lab6_toplevel|slc3:my_slc|HexDriver:hex_driver3   ; work         ;
;       |HexDriver:hex_driver4|   ; 7 (7)             ; 0 (0)        ; 0           ; 0            ; 0       ; 0         ; 0    ; 0            ; |lab6_toplevel|slc3:my_slc|HexDriver:hex_driver4   ; work         ;
;       |HexDriver:hex_driver5|   ; 7 (7)             ; 0 (0)        ; 0           ; 0            ; 0       ; 0         ; 0    ; 0            ; |lab6_toplevel|slc3:my_slc|HexDriver:hex_driver5   ; work         ;
;       |HexDriver:hex_driver6|   ; 7 (7)             ; 0 (0)        ; 0           ; 0            ; 0       ; 0         ; 0    ; 0            ; |lab6_toplevel|slc3:my_slc|HexDriver:hex_driver6   ; work         ;
;       |HexDriver:hex_driver7|   ; 7 (7)             ; 0 (0)        ; 0           ; 0            ; 0       ; 0         ; 0    ; 0            ; |lab6_toplevel|slc3:my_slc|HexDriver:hex_driver7   ; work         ;
;       |ISDU:state_controller|   ; 9 (9)             ; 7 (7)        ; 0           ; 0            ; 0       ; 0         ; 0    ; 0            ; |lab6_toplevel|slc3:my_slc|ISDU:state_controller   ; work         ;
;       |Mem2IO:memory_subsystem| ; 2 (2)             ; 0 (0)        ; 0           ; 0            ; 0       ; 0         ; 0    ; 0            ; |lab6_toplevel|slc3:my_slc|Mem2IO:memory_subsystem ; work         ;
;       |datapath:d0|             ; 84 (84)           ; 0 (0)        ; 0           ; 0            ; 0       ; 0         ; 0    ; 0            ; |lab6_toplevel|slc3:my_slc|datapath:d0             ; work         ;
;       |tristate:tr0|            ; 0 (0)             ; 32 (32)      ; 0           ; 0            ; 0       ; 0         ; 0    ; 0            ; |lab6_toplevel|slc3:my_slc|tristate:tr0            ; work         ;
+---------------------------------+-------------------+--------------+-------------+--------------+---------+-----------+------+--------------+----------------------------------------------------+--------------+
Note: For table entries with two numbers listed, the numbers in parentheses indicate the number of resources of the given type used by the specific entity alone. The numbers listed outside of parentheses indicate the total resources of the given type used by the specific entity and all of its sub-entities in the hierarchy.


Encoding Type:  One-Hot
+---------------------------------------------------------------------------------------------------------------------------------------------------+
; State Machine - |lab6_toplevel|slc3:my_slc|ISDU:state_controller|State                                                                            ;
+----------------+------------+------------+--------------+--------------+------------+----------------+----------------+--------------+------------+
; Name           ; State.S_32 ; State.S_35 ; State.S_33_2 ; State.S_33_1 ; State.S_18 ; State.PauseIR2 ; State.PauseIR1 ; State.Halted ; State.S_01 ;
+----------------+------------+------------+--------------+--------------+------------+----------------+----------------+--------------+------------+
; State.Halted   ; 0          ; 0          ; 0            ; 0            ; 0          ; 0              ; 0              ; 0            ; 0          ;
; State.PauseIR1 ; 0          ; 0          ; 0            ; 0            ; 0          ; 0              ; 1              ; 1            ; 0          ;
; State.PauseIR2 ; 0          ; 0          ; 0            ; 0            ; 0          ; 1              ; 0              ; 1            ; 0          ;
; State.S_18     ; 0          ; 0          ; 0            ; 0            ; 1          ; 0              ; 0              ; 1            ; 0          ;
; State.S_33_1   ; 0          ; 0          ; 0            ; 1            ; 0          ; 0              ; 0              ; 1            ; 0          ;
; State.S_33_2   ; 0          ; 0          ; 1            ; 0            ; 0          ; 0              ; 0              ; 1            ; 0          ;
; State.S_35     ; 0          ; 1          ; 0            ; 0            ; 0          ; 0              ; 0              ; 1            ; 0          ;
; State.S_32     ; 1          ; 0          ; 0            ; 0            ; 0          ; 0              ; 0              ; 1            ; 0          ;
; State.S_01     ; 0          ; 0          ; 0            ; 0            ; 0          ; 0              ; 0              ; 1            ; 1          ;
+----------------+------------+------------+--------------+--------------+------------+----------------+----------------+--------------+------------+


+-------------------------------------------------------------+
; Logic Cells Representing Combinational Loops                ;
+--------------------------------------------------------+----+
; Logic Cell Name                                        ;    ;
+--------------------------------------------------------+----+
; slc3:my_slc|datapath:d0|IR_out[0]~3                    ;    ;
; slc3:my_slc|datapath:d0|IR_out[1]~2                    ;    ;
; slc3:my_slc|datapath:d0|IR_out[2]~1                    ;    ;
; slc3:my_slc|datapath:d0|IR_out[3]~0                    ;    ;
; slc3:my_slc|datapath:d0|IR_out[4]~7                    ;    ;
; slc3:my_slc|datapath:d0|IR_out[5]~6                    ;    ;
; slc3:my_slc|datapath:d0|IR_out[6]~5                    ;    ;
; slc3:my_slc|datapath:d0|IR_out[7]~4                    ;    ;
; slc3:my_slc|datapath:d0|IR_out[8]~11                   ;    ;
; slc3:my_slc|datapath:d0|IR_out[9]~10                   ;    ;
; slc3:my_slc|datapath:d0|IR_out[10]~9                   ;    ;
; slc3:my_slc|datapath:d0|IR_out[11]~8                   ;    ;
; slc3:my_slc|datapath:d0|IR_out[12]~15                  ;    ;
; slc3:my_slc|datapath:d0|IR_out[13]~14                  ;    ;
; slc3:my_slc|datapath:d0|IR_out[14]~13                  ;    ;
; slc3:my_slc|datapath:d0|IR_out[15]~12                  ;    ;
; slc3:my_slc|datapath:d0|PC_out[0]~15                   ;    ;
; slc3:my_slc|datapath:d0|PC_out[1]~1                    ;    ;
; slc3:my_slc|datapath:d0|PC_out[2]~14                   ;    ;
; slc3:my_slc|datapath:d0|PC_out[3]~13                   ;    ;
; slc3:my_slc|datapath:d0|PC_out[4]~12                   ;    ;
; slc3:my_slc|datapath:d0|PC_out[5]~11                   ;    ;
; slc3:my_slc|datapath:d0|PC_out[6]~10                   ;    ;
; slc3:my_slc|datapath:d0|PC_out[7]~9                    ;    ;
; slc3:my_slc|datapath:d0|PC_out[8]~8                    ;    ;
; slc3:my_slc|datapath:d0|PC_out[9]~7                    ;    ;
; slc3:my_slc|datapath:d0|PC_out[10]~6                   ;    ;
; slc3:my_slc|datapath:d0|PC_out[11]~5                   ;    ;
; slc3:my_slc|datapath:d0|PC_out[12]~4                   ;    ;
; slc3:my_slc|datapath:d0|PC_out[13]~3                   ;    ;
; slc3:my_slc|datapath:d0|PC_out[14]~2                   ;    ;
; slc3:my_slc|datapath:d0|PC_out[15]~0                   ;    ;
; slc3:my_slc|datapath:d0|MAR_out[0]~15                  ;    ;
; slc3:my_slc|datapath:d0|MAR_out[1]~14                  ;    ;
; slc3:my_slc|datapath:d0|MAR_out[2]~13                  ;    ;
; slc3:my_slc|datapath:d0|MAR_out[3]~12                  ;    ;
; slc3:my_slc|datapath:d0|MAR_out[4]~11                  ;    ;
; slc3:my_slc|datapath:d0|MAR_out[5]~10                  ;    ;
; slc3:my_slc|datapath:d0|MAR_out[6]~9                   ;    ;
; slc3:my_slc|datapath:d0|MAR_out[7]~8                   ;    ;
; slc3:my_slc|datapath:d0|MAR_out[8]~7                   ;    ;
; slc3:my_slc|datapath:d0|MAR_out[9]~6                   ;    ;
; slc3:my_slc|datapath:d0|MAR_out[10]~5                  ;    ;
; slc3:my_slc|datapath:d0|MAR_out[11]~4                  ;    ;
; slc3:my_slc|datapath:d0|MAR_out[12]~3                  ;    ;
; slc3:my_slc|datapath:d0|MAR_out[13]~2                  ;    ;
; slc3:my_slc|datapath:d0|MAR_out[14]~1                  ;    ;
; slc3:my_slc|datapath:d0|MAR_out[15]~0                  ;    ;
; slc3:my_slc|datapath:d0|MDR_out[0]~15                  ;    ;
; slc3:my_slc|datapath:d0|MDR_out[1]~2                   ;    ;
; slc3:my_slc|datapath:d0|MDR_out[2]~14                  ;    ;
; slc3:my_slc|datapath:d0|MDR_out[3]~0                   ;    ;
; slc3:my_slc|datapath:d0|MDR_out[4]~13                  ;    ;
; slc3:my_slc|datapath:d0|MDR_out[5]~12                  ;    ;
; slc3:my_slc|datapath:d0|MDR_out[6]~11                  ;    ;
; slc3:my_slc|datapath:d0|MDR_out[7]~10                  ;    ;
; slc3:my_slc|datapath:d0|MDR_out[8]~9                   ;    ;
; slc3:my_slc|datapath:d0|MDR_out[9]~8                   ;    ;
; slc3:my_slc|datapath:d0|MDR_out[10]~7                  ;    ;
; slc3:my_slc|datapath:d0|MDR_out[11]~6                  ;    ;
; slc3:my_slc|datapath:d0|MDR_out[12]~5                  ;    ;
; slc3:my_slc|datapath:d0|MDR_out[13]~4                  ;    ;
; slc3:my_slc|datapath:d0|MDR_out[14]~3                  ;    ;
; slc3:my_slc|datapath:d0|MDR_out[15]~1                  ;    ;
; Number of logic cells representing combinational loops ; 64 ;
+--------------------------------------------------------+----+
Note: All cells listed above may not be present at the end of synthesis due to various synthesis optimizations.


+-------------------------------------------------------------------+
; Registers Removed During Synthesis                                ;
+----------------------------------------------+--------------------+
; Register name                                ; Reason for Removal ;
+----------------------------------------------+--------------------+
; slc3:my_slc|ISDU:state_controller|State.S_32 ; Lost fanout        ;
; slc3:my_slc|ISDU:state_controller|State.S_01 ; Lost fanout        ;
; slc3:my_slc|ISDU:state_controller|State~2    ; Lost fanout        ;
; slc3:my_slc|ISDU:state_controller|State~3    ; Lost fanout        ;
; slc3:my_slc|ISDU:state_controller|State~4    ; Lost fanout        ;
; Total Number of Removed Registers = 5        ;                    ;
+----------------------------------------------+--------------------+


+------------------------------------------------------+
; General Register Statistics                          ;
+----------------------------------------------+-------+
; Statistic                                    ; Value ;
+----------------------------------------------+-------+
; Total registers                              ; 39    ;
; Number of registers using Synchronous Clear  ; 0     ;
; Number of registers using Synchronous Load   ; 0     ;
; Number of registers using Asynchronous Clear ; 0     ;
; Number of registers using Asynchronous Load  ; 0     ;
; Number of registers using Clock Enable       ; 0     ;
; Number of registers using Preset             ; 0     ;
+----------------------------------------------+-------+


+----------------------------------------------------------------------------------------------------------------------------------------------------------------------+
; Multiplexer Restructuring Statistics (Restructuring Performed)                                                                                                       ;
+--------------------+-----------+---------------+----------------------+------------------------+------------+--------------------------------------------------------+
; Multiplexer Inputs ; Bus Width ; Baseline Area ; Area if Restructured ; Saving if Restructured ; Registered ; Example Multiplexer Output                             ;
+--------------------+-----------+---------------+----------------------+------------------------+------------+--------------------------------------------------------+
; 3:1                ; 16 bits   ; 32 LEs        ; 32 LEs               ; 0 LEs                  ; No         ; |lab6_toplevel|slc3:my_slc|datapath:d0|d_bus[12]       ;
; 4:1                ; 16 bits   ; 32 LEs        ; 32 LEs               ; 0 LEs                  ; No         ; |lab6_toplevel|slc3:my_slc|datapath:d0|MDR_out[8]      ;
; 4:1                ; 2 bits    ; 4 LEs         ; 4 LEs                ; 0 LEs                  ; No         ; |lab6_toplevel|slc3:my_slc|ISDU:state_controller|State ;
+--------------------+-----------+---------------+----------------------+------------------------+------------+--------------------------------------------------------+


+-----------------------------------------------------------------------+
; Parameter Settings for User Entity Instance: slc3:my_slc|tristate:tr0 ;
+----------------+-------+----------------------------------------------+
; Parameter Name ; Value ; Type                                         ;
+----------------+-------+----------------------------------------------+
; N              ; 16    ; Signed Integer                               ;
+----------------+-------+----------------------------------------------+
Note: In order to hide this table in the UI and the text report file, please set the "Show Parameter Settings in Synthesis Report" option in "Analysis and Synthesis Settings -> More Settings" to "Off".


+-------------------------------------------------------------------------+
; Parameter Settings for User Entity Instance: test_memory:my_test_memory ;
+----------------+-------+------------------------------------------------+
; Parameter Name ; Value ; Type                                           ;
+----------------+-------+------------------------------------------------+
; size           ; 256   ; Signed Integer                                 ;
; init_external  ; 0     ; Signed Integer                                 ;
+----------------+-------+------------------------------------------------+
Note: In order to hide this table in the UI and the text report file, please set the "Show Parameter Settings in Synthesis Report" option in "Analysis and Synthesis Settings -> More Settings" to "Off".


+----------------------------------------------------------------------------------------------+
; Parameter Settings for User Entity Instance: test_memory:my_test_memory|memory_parser:parser ;
+----------------+-------+---------------------------------------------------------------------+
; Parameter Name ; Value ; Type                                                                ;
+----------------+-------+---------------------------------------------------------------------+
; size           ; 256   ; Signed Integer                                                      ;
+----------------+-------+---------------------------------------------------------------------+
Note: In order to hide this table in the UI and the text report file, please set the "Show Parameter Settings in Synthesis Report" option in "Analysis and Synthesis Settings -> More Settings" to "Off".


+---------------------------------------------------------------+
; Port Connectivity Checks: "slc3:my_slc|ISDU:state_controller" ;
+------+-------+----------+-------------------------------------+
; Port ; Type  ; Severity ; Details                             ;
+------+-------+----------+-------------------------------------+
; BEN  ; Input ; Info     ; Stuck at GND                        ;
+------+-------+----------+-------------------------------------+


+------------------------------------------------------------------------------------------------------------------------+
; Port Connectivity Checks: "slc3:my_slc|Mem2IO:memory_subsystem"                                                        ;
+--------------+--------+----------+-------------------------------------------------------------------------------------+
; Port         ; Type   ; Severity ; Details                                                                             ;
+--------------+--------+----------+-------------------------------------------------------------------------------------+
; ADDR[19..16] ; Input  ; Info     ; Stuck at GND                                                                        ;
; HEX0         ; Output ; Info     ; Connected to dangling logic. Logic that only feeds a dangling port will be removed. ;
; HEX1         ; Output ; Info     ; Connected to dangling logic. Logic that only feeds a dangling port will be removed. ;
; HEX2         ; Output ; Info     ; Connected to dangling logic. Logic that only feeds a dangling port will be removed. ;
; HEX3         ; Output ; Info     ; Connected to dangling logic. Logic that only feeds a dangling port will be removed. ;
+--------------+--------+----------+-------------------------------------------------------------------------------------+


+-----------------------------------------------------+
; Post-Synthesis Netlist Statistics for Top Partition ;
+-----------------------+-----------------------------+
; Type                  ; Count                       ;
+-----------------------+-----------------------------+
; boundary_port         ; 129                         ;
; cycloneiii_ff         ; 39                          ;
;     plain             ; 39                          ;
; cycloneiii_io_obuf    ; 16                          ;
; cycloneiii_lcell_comb ; 162                         ;
;     arith             ; 15                          ;
;         2 data inputs ; 14                          ;
;         3 data inputs ; 1                           ;
;     normal            ; 147                         ;
;         0 data inputs ; 2                           ;
;         1 data inputs ; 10                          ;
;         2 data inputs ; 6                           ;
;         3 data inputs ; 65                          ;
;         4 data inputs ; 64                          ;
;                       ;                             ;
; Max LUT depth         ; 6.00                        ;
; Average LUT depth     ; 1.78                        ;
+-----------------------+-----------------------------+


+-------------------------------+
; Elapsed Time Per Partition    ;
+----------------+--------------+
; Partition Name ; Elapsed Time ;
+----------------+--------------+
; Top            ; 00:00:00     ;
+----------------+--------------+


+-------------------------------+
; Analysis & Synthesis Messages ;
+-------------------------------+
Info: *******************************************************************
Info: Running Quartus II 64-Bit Analysis & Synthesis
    Info: Version 15.0.0 Build 145 04/22/2015 SJ Web Edition
    Info: Processing started: Sun Feb 18 20:17:03 2018
Info: Command: quartus_map --read_settings_files=on --write_settings_files=off lab6_slc3 -c lab6_slc3
Warning (20028): Parallel compilation is not licensed and has been disabled
Info (12021): Found 1 design units, including 1 entities, in source file hexdriver.sv
    Info (12023): Found entity 1: HexDriver
Info (12021): Found 1 design units, including 1 entities, in source file tristate.sv
    Info (12023): Found entity 1: tristate
Info (12021): Found 1 design units, including 1 entities, in source file test_memory.sv
    Info (12023): Found entity 1: test_memory
Info (12021): Found 1 design units, including 0 entities, in source file slc3_2.sv
    Info (12022): Found design unit 1: SLC3_2 (SystemVerilog)
Info (12021): Found 1 design units, including 1 entities, in source file slc3.sv
    Info (12023): Found entity 1: slc3
Info (12021): Found 1 design units, including 1 entities, in source file memory_contents.sv
    Info (12023): Found entity 1: memory_parser
Info (12021): Found 1 design units, including 1 entities, in source file mem2io.sv
    Info (12023): Found entity 1: Mem2IO
Info (12021): Found 1 design units, including 1 entities, in source file lab6_toplevel.sv
    Info (12023): Found entity 1: lab6_toplevel
Info (12021): Found 1 design units, including 1 entities, in source file isdu.sv
    Info (12023): Found entity 1: ISDU
Info (12021): Found 1 design units, including 1 entities, in source file datapath.sv
    Info (12023): Found entity 1: datapath
Info (12127): Elaborating entity "lab6_toplevel" for the top level hierarchy
Info (12128): Elaborating entity "slc3" for hierarchy "slc3:my_slc"
Warning (10030): Net "BEN" at slc3.sv(37) has no driver or initial value, using a default initial value '0'
Warning (10034): Output port "LED" at slc3.sv(22) has no driver
Info (12128): Elaborating entity "HexDriver" for hierarchy "slc3:my_slc|HexDriver:hex_driver3"
Info (12128): Elaborating entity "datapath" for hierarchy "slc3:my_slc|datapath:d0"
Warning (10230): Verilog HDL assignment warning at datapath.sv(54): truncated value with size 32 to match size of target (16)
Info (12128): Elaborating entity "Mem2IO" for hierarchy "slc3:my_slc|Mem2IO:memory_subsystem"
Info (12128): Elaborating entity "tristate" for hierarchy "slc3:my_slc|tristate:tr0"
Info (12128): Elaborating entity "ISDU" for hierarchy "slc3:my_slc|ISDU:state_controller"
Info (12128): Elaborating entity "test_memory" for hierarchy "test_memory:my_test_memory"
Warning (10036): Verilog HDL or VHDL warning at test_memory.sv(42): object "actual_address" assigned a value but never read
Info (12128): Elaborating entity "memory_parser" for hierarchy "test_memory:my_test_memory|memory_parser:parser"
Warning (13008): TRI or OPNDRN buffers permanently disabled
    Warning (13010): Node "slc3:my_slc|tristate:tr0|Data[0]~synth"
    Warning (13010): Node "slc3:my_slc|tristate:tr0|Data[1]~synth"
    Warning (13010): Node "slc3:my_slc|tristate:tr0|Data[2]~synth"
    Warning (13010): Node "slc3:my_slc|tristate:tr0|Data[3]~synth"
    Warning (13010): Node "slc3:my_slc|tristate:tr0|Data[4]~synth"
    Warning (13010): Node "slc3:my_slc|tristate:tr0|Data[5]~synth"
    Warning (13010): Node "slc3:my_slc|tristate:tr0|Data[6]~synth"
    Warning (13010): Node "slc3:my_slc|tristate:tr0|Data[7]~synth"
    Warning (13010): Node "slc3:my_slc|tristate:tr0|Data[8]~synth"
    Warning (13010): Node "slc3:my_slc|tristate:tr0|Data[9]~synth"
    Warning (13010): Node "slc3:my_slc|tristate:tr0|Data[10]~synth"
    Warning (13010): Node "slc3:my_slc|tristate:tr0|Data[11]~synth"
    Warning (13010): Node "slc3:my_slc|tristate:tr0|Data[12]~synth"
    Warning (13010): Node "slc3:my_slc|tristate:tr0|Data[13]~synth"
    Warning (13010): Node "slc3:my_slc|tristate:tr0|Data[14]~synth"
    Warning (13010): Node "slc3:my_slc|tristate:tr0|Data[15]~synth"
Warning (13024): Output pins are stuck at VCC or GND
    Warning (13410): Pin "LED[0]" is stuck at GND
    Warning (13410): Pin "LED[1]" is stuck at GND
    Warning (13410): Pin "LED[2]" is stuck at GND
    Warning (13410): Pin "LED[3]" is stuck at GND
    Warning (13410): Pin "LED[4]" is stuck at GND
    Warning (13410): Pin "LED[5]" is stuck at GND
    Warning (13410): Pin "LED[6]" is stuck at GND
    Warning (13410): Pin "LED[7]" is stuck at GND
    Warning (13410): Pin "LED[8]" is stuck at GND
    Warning (13410): Pin "LED[9]" is stuck at GND
    Warning (13410): Pin "LED[10]" is stuck at GND
    Warning (13410): Pin "LED[11]" is stuck at GND
    Warning (13410): Pin "CE" is stuck at GND
    Warning (13410): Pin "UB" is stuck at GND
    Warning (13410): Pin "LB" is stuck at GND
    Warning (13410): Pin "WE" is stuck at VCC
    Warning (13410): Pin "ADDR[16]" is stuck at GND
    Warning (13410): Pin "ADDR[17]" is stuck at GND
    Warning (13410): Pin "ADDR[18]" is stuck at GND
    Warning (13410): Pin "ADDR[19]" is stuck at GND
Info (286030): Timing-Driven Synthesis is running
Info (17049): 5 registers lost all their fanouts during netlist optimizations.
Info (16010): Generating hard_block partition "hard_block:auto_generated_inst"
    Info (16011): Adding 0 node(s), including 0 DDIO, 0 PLL, 0 transceiver and 0 LCELL
Info (21057): Implemented 312 device resources after synthesis - the final resource count might be different
    Info (21058): Implemented 20 input pins
    Info (21059): Implemented 93 output pins
    Info (21060): Implemented 16 bidirectional pins
    Info (21061): Implemented 183 logic cells
Info: Quartus II 64-Bit Analysis & Synthesis was successful. 0 errors, 43 warnings
    Info: Peak virtual memory: 733 megabytes
    Info: Processing ended: Sun Feb 18 20:17:13 2018
    Info: Elapsed time: 00:00:10
    Info: Total CPU time (on all processors): 00:00:23


