Flow report for logic_processor
Mon Feb 12 18:51:16 2018
Quartus II 64-Bit Version 15.0.0 Build 145 04/22/2015 SJ Web Edition


---------------------
; Table of Contents ;
---------------------
  1. Legal Notice
  2. Flow Summary
  3. Flow Settings
  4. Flow Non-Default Global Settings
  5. Flow Elapsed Time
  6. Flow OS Summary
  7. Flow Log
  8. Flow Messages
  9. Flow Suppressed Messages



----------------
; Legal Notice ;
----------------
Copyright (C) 1991-2015 Altera Corporation. All rights reserved.
Your use of Altera Corporation's design tools, logic functions 
and other software and tools, and its AMPP partner logic 
functions, and any output files from any of the foregoing 
(including device programming or simulation files), and any 
associated documentation or information are expressly subject 
to the terms and conditions of the Altera Program License 
Subscription Agreement, the Altera Quartus II License Agreement,
the Altera MegaCore Function License Agreement, or other 
applicable license agreement, including, without limitation, 
that your use is for the sole purpose of programming logic 
devices manufactured by Altera and sold by Altera or its 
authorized distributors.  Please refer to the applicable 
agreement for further details.



+---------------------------------------------------------------------------------+
; Flow Summary                                                                    ;
+------------------------------------+--------------------------------------------+
; Flow Status                        ; Successful - Mon Feb 12 18:51:16 2018      ;
; Quartus II 64-Bit Version          ; 15.0.0 Build 145 04/22/2015 SJ Web Edition ;
; Revision Name                      ; logic_processor                            ;
; Top-level Entity Name              ; Processor                                  ;
; Family                             ; Cyclone IV E                               ;
; Device                             ; EP4CE115F29C7                              ;
; Timing Models                      ; Final                                      ;
; Total logic elements               ; 84 / 114,480 ( < 1 % )                     ;
;     Total combinational functions  ; 72 / 114,480 ( < 1 % )                     ;
;     Dedicated logic registers      ; 43 / 114,480 ( < 1 % )                     ;
; Total registers                    ; 43                                         ;
; Total pins                         ; 66 / 529 ( 12 % )                          ;
; Total virtual pins                 ; 0                                          ;
; Total memory bits                  ; 0 / 3,981,312 ( 0 % )                      ;
; Embedded Multiplier 9-bit elements ; 0 / 532 ( 0 % )                            ;
; Total PLLs                         ; 0 / 4 ( 0 % )                              ;
+------------------------------------+--------------------------------------------+


+-----------------------------------------+
; Flow Settings                           ;
+-------------------+---------------------+
; Option            ; Setting             ;
+-------------------+---------------------+
; Start date & time ; 02/12/2018 18:50:32 ;
; Main task         ; Compilation         ;
; Revision Name     ; logic_processor     ;
+-------------------+---------------------+


+-------------------------------------------------------------------------------------------------------------------------------+
; Flow Non-Default Global Settings                                                                                              ;
+--------------------------------------+---------------------------------------+-----------------+-------------+----------------+
; Assignment Name                      ; Value                                 ; Default Value   ; Entity Name ; Section Id     ;
+--------------------------------------+---------------------------------------+-----------------+-------------+----------------+
; COMPILER_SIGNATURE_ID                ; 141812760169519.151848303207368       ; --              ; --          ; --             ;
; EDA_DESIGN_INSTANCE_NAME             ; NA                                    ; --              ; --          ; testbench_8    ;
; EDA_NATIVELINK_SIMULATION_TEST_BENCH ; testbench_8                           ; --              ; --          ; eda_simulation ;
; EDA_OUTPUT_DATA_FORMAT               ; Systemverilog Hdl                     ; --              ; --          ; eda_simulation ;
; EDA_SIMULATION_TOOL                  ; ModelSim-Altera (SystemVerilog)       ; <None>          ; --          ; --             ;
; EDA_TEST_BENCH_ENABLE_STATUS         ; TEST_BENCH_MODE                       ; --              ; --          ; eda_simulation ;
; EDA_TEST_BENCH_FILE                  ; testbench_8.sv                        ; --              ; --          ; testbench_8    ;
; EDA_TEST_BENCH_MODULE_NAME           ; testbench_8                           ; --              ; --          ; testbench_8    ;
; EDA_TEST_BENCH_NAME                  ; testbench_8                           ; --              ; --          ; eda_simulation ;
; EDA_TIME_SCALE                       ; 1 ps                                  ; --              ; --          ; eda_simulation ;
; MAX_CORE_JUNCTION_TEMP               ; 85                                    ; --              ; --          ; --             ;
; MIN_CORE_JUNCTION_TEMP               ; 0                                     ; --              ; --          ; --             ;
; NOMINAL_CORE_SUPPLY_VOLTAGE          ; 1.2V                                  ; --              ; --          ; --             ;
; PARTITION_COLOR                      ; 16764057                              ; --              ; Processor   ; Top            ;
; PARTITION_FITTER_PRESERVATION_LEVEL  ; PLACEMENT_AND_ROUTING                 ; --              ; Processor   ; Top            ;
; PARTITION_NETLIST_TYPE               ; SOURCE                                ; --              ; Processor   ; Top            ;
; POWER_BOARD_THERMAL_MODEL            ; None (CONSERVATIVE)                   ; --              ; --          ; --             ;
; POWER_PRESET_COOLING_SOLUTION        ; 23 MM HEAT SINK WITH 200 LFPM AIRFLOW ; --              ; --          ; --             ;
; PROJECT_OUTPUT_DIRECTORY             ; output_files                          ; --              ; --          ; --             ;
; TOP_LEVEL_ENTITY                     ; Processor                             ; logic_processor ; --          ; --             ;
+--------------------------------------+---------------------------------------+-----------------+-------------+----------------+


+-------------------------------------------------------------------------------------------------------------------------------+
; Flow Elapsed Time                                                                                                             ;
+---------------------------+--------------+-------------------------+---------------------+------------------------------------+
; Module Name               ; Elapsed Time ; Average Processors Used ; Peak Virtual Memory ; Total CPU Time (on all processors) ;
+---------------------------+--------------+-------------------------+---------------------+------------------------------------+
; Analysis & Synthesis      ; 00:00:10     ; 1.0                     ; 715 MB              ; 00:00:23                           ;
; Fitter                    ; 00:00:18     ; 1.0                     ; 1216 MB             ; 00:00:17                           ;
; Assembler                 ; 00:00:04     ; 1.0                     ; 663 MB              ; 00:00:04                           ;
; TimeQuest Timing Analyzer ; 00:00:03     ; 1.0                     ; 808 MB              ; 00:00:02                           ;
; EDA Netlist Writer        ; 00:00:01     ; 1.0                     ; 636 MB              ; 00:00:01                           ;
; Total                     ; 00:00:36     ; --                      ; --                  ; 00:00:47                           ;
+---------------------------+--------------+-------------------------+---------------------+------------------------------------+


+----------------------------------------------------------------------------------------+
; Flow OS Summary                                                                        ;
+---------------------------+------------------+-----------+------------+----------------+
; Module Name               ; Machine Hostname ; OS Name   ; OS Version ; Processor type ;
+---------------------------+------------------+-----------+------------+----------------+
; Analysis & Synthesis      ; DESKTOP-CT3EDHP  ; Windows 7 ; 6.2        ; x86_64         ;
; Fitter                    ; DESKTOP-CT3EDHP  ; Windows 7 ; 6.2        ; x86_64         ;
; Assembler                 ; DESKTOP-CT3EDHP  ; Windows 7 ; 6.2        ; x86_64         ;
; TimeQuest Timing Analyzer ; DESKTOP-CT3EDHP  ; Windows 7 ; 6.2        ; x86_64         ;
; EDA Netlist Writer        ; DESKTOP-CT3EDHP  ; Windows 7 ; 6.2        ; x86_64         ;
+---------------------------+------------------+-----------+------------+----------------+


------------
; Flow Log ;
------------
quartus_map --read_settings_files=on --write_settings_files=off logic_processor -c logic_processor
quartus_fit --read_settings_files=off --write_settings_files=off logic_processor -c logic_processor
quartus_asm --read_settings_files=off --write_settings_files=off logic_processor -c logic_processor
quartus_sta logic_processor -c logic_processor
quartus_eda --read_settings_files=off --write_settings_files=off logic_processor -c logic_processor



